<?xml version="1.0" encoding="UTF-8"?>
<coverage generated="1717806298320" clover="3.2.0">
  <project timestamp="1717806298320" name="All files">
    <metrics statements="6" coveredstatements="6" conditionals="4" coveredconditionals="4" methods="1" coveredmethods="1" elements="11" coveredelements="11" complexity="0" loc="6" ncloc="6" packages="1" files="1" classes="1"/>
    <file name="alquiler.js" path="C:\Users\salva\OneDrive\Documentos\SEPTIMO CICLO -ve por ellos tigre\PRUEBAS DE SOTFWARE\Prueba de ruta basica\Entrega\desicion\alquiler.js">
      <metrics statements="6" coveredstatements="6" conditionals="4" coveredconditionals="4" methods="1" coveredmethods="1"/>
      <line num="6" count="4" type="cond" truecount="2" falsecount="0"/>
      <line num="7" count="1" type="stmt"/>
      <line num="10" count="3" type="cond" truecount="2" falsecount="0"/>
      <line num="11" count="1" type="stmt"/>
      <line num="14" count="2" type="stmt"/>
      <line num="18" count="1" type="stmt"/>
    </file>
  </project>
</coverage>
