{"C:\\Users\\salva\\OneDrive\\Documentos\\SEPTIMO CICLO -ve por ellos tigre\\PRUEBAS DE SOTFWARE\\Prueba de ruta basica\\Entrega\\desicion\\alquiler.js": {"path":"C:\\Users\\salva\\OneDrive\\Documentos\\SEPTIMO CICLO -ve por ellos tigre\\PRUEBAS DE SOTFWARE\\Prueba de ruta basica\\Entrega\\desicion\\alquiler.js","statementMap":{"0":{"start":{"line":6,"column":4},"end":{"line":8,"column":5}},"1":{"start":{"line":7,"column":6},"end":{"line":7,"column":75}},"2":{"start":{"line":10,"column":4},"end":{"line":12,"column":5}},"3":{"start":{"line":11,"column":6},"end":{"line":11,"column":93}},"4":{"start":{"line":14,"column":4},"end":{"line":14,"column":46}},"5":{"start":{"line":18,"column":2},"end":{"line":18,"column":38}}},"fnMap":{"0":{"name":"rentMotorcycle","decl":{"start":{"line":4,"column":9},"end":{"line":4,"column":23}},"loc":{"start":{"line":4,"column":41},"end":{"line":15,"column":3}},"line":4}},"branchMap":{"0":{"loc":{"start":{"line":6,"column":4},"end":{"line":8,"column":5}},"type":"if","locations":[{"start":{"line":6,"column":4},"end":{"line":8,"column":5}},{"start":{},"end":{}}],"line":6},"1":{"loc":{"start":{"line":10,"column":4},"end":{"line":12,"column":5}},"type":"if","locations":[{"start":{"line":10,"column":4},"end":{"line":12,"column":5}},{"start":{},"end":{}}],"line":10}},"s":{"0":4,"1":1,"2":3,"3":1,"4":2,"5":1},"f":{"0":4},"b":{"0":[1,3],"1":[1,2]},"_coverageSchema":"1a1c01bbd47fc00a2c39e90264f33305004495a9","hash":"7dd0a5392f613861a813bad237bb581b708dbaf9"}
}
