{"C:\\Users\\salva\\OneDrive\\Documentos\\SEPTIMO CICLO -ve por ellos tigre\\PRUEBAS DE SOTFWARE\\Prueba de ruta basica\\Entrega\\sentencia\\sales.js": {"path":"C:\\Users\\salva\\OneDrive\\Documentos\\SEPTIMO CICLO -ve por ellos tigre\\PRUEBAS DE SOTFWARE\\Prueba de ruta basica\\Entrega\\sentencia\\sales.js","statementMap":{"0":{"start":{"line":5,"column":4},"end":{"line":5,"column":27}},"1":{"start":{"line":11,"column":4},"end":{"line":11,"column":73}},"2":{"start":{"line":11,"column":47},"end":{"line":11,"column":68}},"3":{"start":{"line":17,"column":4},"end":{"line":19,"column":5}},"4":{"start":{"line":18,"column":6},"end":{"line":18,"column":44}},"5":{"start":{"line":21,"column":4},"end":{"line":21,"column":34}},"6":{"start":{"line":25,"column":2},"end":{"line":25,"column":65}}},"fnMap":{"0":{"name":"addProduct","decl":{"start":{"line":4,"column":9},"end":{"line":4,"column":19}},"loc":{"start":{"line":4,"column":39},"end":{"line":6,"column":3}},"line":4},"1":{"name":"calculateTotal","decl":{"start":{"line":9,"column":11},"end":{"line":9,"column":25}},"loc":{"start":{"line":9,"column":36},"end":{"line":12,"column":3}},"line":9},"2":{"name":"(anonymous_2)","decl":{"start":{"line":11,"column":27},"end":{"line":11,"column":28}},"loc":{"start":{"line":11,"column":47},"end":{"line":11,"column":68}},"line":11},"3":{"name":"applyDiscount","decl":{"start":{"line":15,"column":11},"end":{"line":15,"column":24}},"loc":{"start":{"line":15,"column":42},"end":{"line":22,"column":3}},"line":15}},"branchMap":{"0":{"loc":{"start":{"line":17,"column":4},"end":{"line":19,"column":5}},"type":"if","locations":[{"start":{"line":17,"column":4},"end":{"line":19,"column":5}},{"start":{},"end":{}}],"line":17},"1":{"loc":{"start":{"line":17,"column":8},"end":{"line":17,"column":36}},"type":"binary-expr","locations":[{"start":{"line":17,"column":8},"end":{"line":17,"column":20}},{"start":{"line":17,"column":24},"end":{"line":17,"column":36}}],"line":17}},"s":{"0":1,"1":1,"2":2,"3":3,"4":2,"5":1,"6":1},"f":{"0":1,"1":1,"2":2,"3":3},"b":{"0":[2,1],"1":[3,2]},"_coverageSchema":"1a1c01bbd47fc00a2c39e90264f33305004495a9","hash":"3ecbec2804db79a03cc022fad52a478698e12d44"}
}
